<?xml version="1.0" encoding="UTF-8"?>
<!-- Generated by org.testng.reporters.JUnitXMLReporter -->
<testsuite hostname="DESKTOP-JGEHULB" ignored="0" name="Test" tests="4" failures="0" timestamp="2020-06-22T17:49:08 IST" time="124.275" errors="0">
  <testcase name="demoQAtest" time="15.074" classname="SampleAutomation.com.webapps.automate.Mayur_Assignment_01"/>
  <testcase name="testInvalidLogIn" time="17.365" classname="SampleAutomation.com.webapps.automate.Mayur_Assignment_02"/>
  <testcase name="testLanguageLogIn" time="27.885" classname="SampleAutomation.com.webapps.automate.Mayur_Assignment_02"/>
  <testcase name="makeMyTripTest" time="59.598" classname="SampleAutomation.com.webapps.automate.Mayur_Assignment_03"/>
</testsuite> <!-- Test -->
